Using pre-set license
Built from '2021.3/staging' branch; Version is '2021.3.24f1 (cf10dcf7010d) revision 13570268'; Using compiler version '192829333'; Build Type 'Release'
OS: 'Windows 11  (10.0.22621) 64bit Core' Language: 'ko' Physical Memory: 32555 MB
BatchMode: 1, IsHumanControllingUs: 0, StartBugReporterOnCrash: 0, Is64bit: 1, IsPro: 1

COMMAND LINE ARGUMENTS:
C:\Program Files\Unity\Hub\Editor\2021.3.24f1\Editor\Unity.exe
-adb2
-batchMode
-noUpm
-name
AssetImportWorker2
-projectPath
C:/Users/오현석/Desktop/MyProject/TomorrowDumplingKing
-logFile
Logs/AssetImportWorker2.log
-srvPort
63744
Successfully changed project path to: C:/Users/오현석/Desktop/MyProject/TomorrowDumplingKing
C:/Users/오현석/Desktop/MyProject/TomorrowDumplingKing
[UnityMemory] Configuration Parameters - Can be set up in boot.config
    "memorysetup-bucket-allocator-granularity=16"
    "memorysetup-bucket-allocator-bucket-count=8"
    "memorysetup-bucket-allocator-block-size=33554432"
    "memorysetup-bucket-allocator-block-count=8"
    "memorysetup-main-allocator-block-size=16777216"
    "memorysetup-thread-allocator-block-size=16777216"
    "memorysetup-gfx-main-allocator-block-size=16777216"
    "memorysetup-gfx-thread-allocator-block-size=16777216"
    "memorysetup-cache-allocator-block-size=4194304"
    "memorysetup-typetree-allocator-block-size=2097152"
    "memorysetup-profiler-bucket-allocator-granularity=16"
    "memorysetup-profiler-bucket-allocator-bucket-count=8"
    "memorysetup-profiler-bucket-allocator-block-size=33554432"
    "memorysetup-profiler-bucket-allocator-block-count=8"
    "memorysetup-profiler-allocator-block-size=16777216"
    "memorysetup-profiler-editor-allocator-block-size=1048576"
    "memorysetup-temp-allocator-size-main=16777216"
    "memorysetup-job-temp-allocator-block-size=2097152"
    "memorysetup-job-temp-allocator-block-size-background=1048576"
    "memorysetup-job-temp-allocator-reduction-small-platforms=262144"
    "memorysetup-temp-allocator-size-background-worker=32768"
    "memorysetup-temp-allocator-size-job-worker=262144"
    "memorysetup-temp-allocator-size-preload-manager=33554432"
    "memorysetup-temp-allocator-size-nav-mesh-worker=65536"
    "memorysetup-temp-allocator-size-audio-worker=65536"
    "memorysetup-temp-allocator-size-cloud-worker=32768"
    "memorysetup-temp-allocator-size-gi-baking-worker=262144"
    "memorysetup-temp-allocator-size-gfx=262144"
Player connection [25776] Host "[IP] 61.78.98.114 [Port] 0 [Flags] 2 [Guid] 1037035519 [EditorId] 1037035519 [Version] 1048832 [Id] WindowsEditor(7,HyeonSeokMainPC) [Debug] 1 [PackageName] WindowsEditor [ProjectName] Editor" joined multi-casting on [225.0.0.222:54997]...

Player connection [25776] Host "[IP] 61.78.98.114 [Port] 0 [Flags] 2 [Guid] 1037035519 [EditorId] 1037035519 [Version] 1048832 [Id] WindowsEditor(7,HyeonSeokMainPC) [Debug] 1 [PackageName] WindowsEditor [ProjectName] Editor" joined alternative multi-casting on [225.0.0.222:34997]...

Refreshing native plugins compatible for Editor in 37.28 ms, found 2 plugins.
Preloading 0 native plugins for Editor in 0.00 ms.
Initialize engine version: 2021.3.24f1 (cf10dcf7010d)
[Subsystems] Discovering subsystems at path C:/Program Files/Unity/Hub/Editor/2021.3.24f1/Editor/Data/Resources/UnitySubsystems
[Subsystems] Discovering subsystems at path C:/Users/오현석/Desktop/MyProject/TomorrowDumplingKing/Assets
GfxDevice: creating device client; threaded=0; jobified=0
Direct3D:
    Version:  Direct3D 11.0 [level 11.1]
    Renderer: NVIDIA GeForce RTX 3070 (ID=0x2488)
    Vendor:   NVIDIA
    VRAM:     8043 MB
    Driver:   31.0.15.2225
Initialize mono
Mono path[0] = 'C:/Program Files/Unity/Hub/Editor/2021.3.24f1/Editor/Data/Managed'
Mono path[1] = 'C:/Program Files/Unity/Hub/Editor/2021.3.24f1/Editor/Data/MonoBleedingEdge/lib/mono/unityjit-win32'
Mono config path = 'C:/Program Files/Unity/Hub/Editor/2021.3.24f1/Editor/Data/MonoBleedingEdge/etc'
Using monoOptions --debugger-agent=transport=dt_socket,embedding=1,server=y,suspend=n,address=127.0.0.1:56056
Begin MonoManager ReloadAssembly
Registering precompiled unity dll's ...
Register platform support module: C:/Program Files/Unity/Hub/Editor/2021.3.24f1/Editor/Data/PlaybackEngines/WindowsStandaloneSupport/UnityEditor.WindowsStandalone.Extensions.dll
Registered in 0.003299 seconds.
Native extension for WindowsStandalone target not found
Refreshing native plugins compatible for Editor in 38.00 ms, found 2 plugins.
Preloading 0 native plugins for Editor in 0.00 ms.
Mono: successfully reloaded assembly
- Completed reload, in  0.489 seconds
Domain Reload Profiling:
	ReloadAssembly (489ms)
		BeginReloadAssembly (142ms)
			ExecutionOrderSort (0ms)
			DisableScriptedObjects (0ms)
			BackupInstance (0ms)
			ReleaseScriptingObjects (0ms)
			CreateAndSetChildDomain (1ms)
		EndReloadAssembly (265ms)
			LoadAssemblies (138ms)
			RebuildTransferFunctionScriptingTraits (0ms)
			SetupTypeCache (68ms)
			ReleaseScriptCaches (0ms)
			RebuildScriptCaches (16ms)
			SetupLoadedEditorAssemblies (146ms)
				LogAssemblyErrors (0ms)
				InitializePlatformSupportModulesInManaged (5ms)
				SetLoadedEditorAssemblies (0ms)
				RefreshPlugins (38ms)
				BeforeProcessingInitializeOnLoad (1ms)
				ProcessInitializeOnLoadAttributes (75ms)
				ProcessInitializeOnLoadMethodAttributes (27ms)
				AfterProcessingInitializeOnLoad (0ms)
				EditorAssembliesLoaded (0ms)
			ExecutionOrderSort2 (0ms)
			AwakeInstancesAfterBackupRestoration (0ms)
Platform modules already initialized, skipping
Registering precompiled user dll's ...
Registered in 0.001729 seconds.
Begin MonoManager ReloadAssembly
Native extension for WindowsStandalone target not found
Refreshing native plugins compatible for Editor in 0.74 ms, found 2 plugins.
Preloading 0 native plugins for Editor in 0.00 ms.
Mono: successfully reloaded assembly
- Completed reload, in  0.601 seconds
Domain Reload Profiling:
	ReloadAssembly (601ms)
		BeginReloadAssembly (79ms)
			ExecutionOrderSort (0ms)
			DisableScriptedObjects (3ms)
			BackupInstance (0ms)
			ReleaseScriptingObjects (0ms)
			CreateAndSetChildDomain (13ms)
		EndReloadAssembly (451ms)
			LoadAssemblies (57ms)
			RebuildTransferFunctionScriptingTraits (0ms)
			SetupTypeCache (126ms)
			ReleaseScriptCaches (0ms)
			RebuildScriptCaches (30ms)
			SetupLoadedEditorAssemblies (214ms)
				LogAssemblyErrors (0ms)
				InitializePlatformSupportModulesInManaged (4ms)
				SetLoadedEditorAssemblies (0ms)
				RefreshPlugins (1ms)
				BeforeProcessingInitializeOnLoad (42ms)
				ProcessInitializeOnLoadAttributes (140ms)
				ProcessInitializeOnLoadMethodAttributes (13ms)
				AfterProcessingInitializeOnLoad (13ms)
				EditorAssembliesLoaded (0ms)
			ExecutionOrderSort2 (0ms)
			AwakeInstancesAfterBackupRestoration (4ms)
Platform modules already initialized, skipping
========================================================================
Worker process is ready to serve import requests
Launched and connected shader compiler UnityShaderCompiler.exe after 0.06 seconds
Refreshing native plugins compatible for Editor in 1.40 ms, found 2 plugins.
Preloading 0 native plugins for Editor in 0.00 ms.
Unloading 1649 Unused Serialized files (Serialized files now loaded: 0)
Unloading 17 unused Assets / (56.2 KB). Loaded Objects now: 2130.
Memory consumption went from 78.9 MB to 78.8 MB.
Total: 17.044100 ms (FindLiveObjects: 0.157100 ms CreateObjectMapping: 0.051100 ms MarkObjects: 16.696600 ms  DeleteObjects: 0.137500 ms)

AssetImportParameters requested are different than current active one (requested -> active):
  custom:video-decoder-ogg-theora: a1e56fd34408186e4bbccfd4996cb3dc -> 
  custom:container-muxer-webm: aa71ff27fc2769a1b78a27578f13a17b -> 
  custom:container-demuxer-webm: 4f35f7cbe854078d1ac9338744f61a02 -> 
  custom:video-encoder-webm-vp8: eb34c28f22e8b96e1ab97ce403110664 -> 
  custom:video-codec-MediaFoundation-h265: 746d11721c4dcdbdad8f713fa42b33f4 -> 
  custom:audio-encoder-webm-vorbis: bf7c407c2cedff20999df2af8eb42d56 -> 
  custom:framework-win-MediaFoundation: 216162199b28c13a410421893ffa2e32 -> 
  custom:container-demuxer-ogg: 62fdf1f143b41e24485cea50d1cbac27 -> 
  custom:video-decoder-webm-vp8: 9c59270c3fd7afecdb556c50c9e8de78 -> 
  custom:audio-decoder-ogg-vorbis: bf7c407c2cedff20999df2af8eb42d56 -> 
========================================================================
Received Import Request.
  Time since last request: 2021429.768019 seconds.
  path: Assets/tray.fbx
  artifactKey: Guid(cd1ee600f70214d81a243c0af1f86b68) Importer(815301076,1909f56bfc062723c751e8b465ee728b)
Start importing Assets/tray.fbx using Guid(cd1ee600f70214d81a243c0af1f86b68) Importer(815301076,1909f56bfc062723c751e8b465ee728b)  -> (artifact id: '1da97728a40c8c7cb76dd207e3a11c1d') in 0.408783 seconds 
========================================================================
Received Prepare
Registering precompiled user dll's ...
Registered in 0.006750 seconds.
Begin MonoManager ReloadAssembly
Native extension for WindowsStandalone target not found
Refreshing native plugins compatible for Editor in 0.56 ms, found 5 plugins.
Preloading 0 native plugins for Editor in 0.00 ms.
Package Manager log level set to [2]
Mono: successfully reloaded assembly
- Completed reload, in  0.638 seconds
Domain Reload Profiling:
	ReloadAssembly (639ms)
		BeginReloadAssembly (100ms)
			ExecutionOrderSort (0ms)
			DisableScriptedObjects (3ms)
			BackupInstance (0ms)
			ReleaseScriptingObjects (0ms)
			CreateAndSetChildDomain (23ms)
		EndReloadAssembly (467ms)
			LoadAssemblies (65ms)
			RebuildTransferFunctionScriptingTraits (0ms)
			SetupTypeCache (124ms)
			ReleaseScriptCaches (1ms)
			RebuildScriptCaches (31ms)
			SetupLoadedEditorAssemblies (224ms)
				LogAssemblyErrors (0ms)
				InitializePlatformSupportModulesInManaged (3ms)
				SetLoadedEditorAssemblies (0ms)
				RefreshPlugins (1ms)
				BeforeProcessingInitializeOnLoad (38ms)
				ProcessInitializeOnLoadAttributes (164ms)
				ProcessInitializeOnLoadMethodAttributes (13ms)
				AfterProcessingInitializeOnLoad (5ms)
				EditorAssembliesLoaded (0ms)
			ExecutionOrderSort2 (0ms)
			AwakeInstancesAfterBackupRestoration (4ms)
Platform modules already initialized, skipping
Refreshing native plugins compatible for Editor in 4.00 ms, found 5 plugins.
Preloading 0 native plugins for Editor in 0.00 ms.
Unloading 1726 Unused Serialized files (Serialized files now loaded: 0)
Unloading 19 unused Assets / (31.8 KB). Loaded Objects now: 2232.
Memory consumption went from 84.2 MB to 84.1 MB.
Total: 3.593400 ms (FindLiveObjects: 0.181500 ms CreateObjectMapping: 0.045800 ms MarkObjects: 3.339700 ms  DeleteObjects: 0.025100 ms)

AssetImportParameters requested are different than current active one (requested -> active):
  custom:video-decoder-ogg-theora: a1e56fd34408186e4bbccfd4996cb3dc -> 
  custom:container-muxer-webm: aa71ff27fc2769a1b78a27578f13a17b -> 
  custom:container-demuxer-webm: 4f35f7cbe854078d1ac9338744f61a02 -> 
  custom:video-encoder-webm-vp8: eb34c28f22e8b96e1ab97ce403110664 -> 
  custom:video-codec-MediaFoundation-h265: 746d11721c4dcdbdad8f713fa42b33f4 -> 
  custom:audio-encoder-webm-vorbis: bf7c407c2cedff20999df2af8eb42d56 -> 
  custom:framework-win-MediaFoundation: 216162199b28c13a410421893ffa2e32 -> 
  custom:container-demuxer-ogg: 62fdf1f143b41e24485cea50d1cbac27 -> 
  custom:video-decoder-webm-vp8: 9c59270c3fd7afecdb556c50c9e8de78 -> 
  custom:audio-decoder-ogg-vorbis: bf7c407c2cedff20999df2af8eb42d56 -> 
========================================================================
Received Import Request.
  Time since last request: 6.686718 seconds.
  path: Assets/Openning.playable
  artifactKey: Guid(4c0eafa9c08cb444f9163bcfa0a07ebc) Importer(815301076,1909f56bfc062723c751e8b465ee728b)
Start importing Assets/Openning.playable using Guid(4c0eafa9c08cb444f9163bcfa0a07ebc) Importer(815301076,1909f56bfc062723c751e8b465ee728b)  -> (artifact id: '56c7544bda72cdc7073637f5bcf02827') in 0.022769 seconds 
========================================================================
Received Prepare
Registering precompiled user dll's ...
Registered in 0.004051 seconds.
Begin MonoManager ReloadAssembly
Native extension for WindowsStandalone target not found
Refreshing native plugins compatible for Editor in 0.56 ms, found 5 plugins.
Preloading 0 native plugins for Editor in 0.00 ms.
Mono: successfully reloaded assembly
- Completed reload, in  0.537 seconds
Domain Reload Profiling:
	ReloadAssembly (537ms)
		BeginReloadAssembly (89ms)
			ExecutionOrderSort (0ms)
			DisableScriptedObjects (3ms)
			BackupInstance (0ms)
			ReleaseScriptingObjects (0ms)
			CreateAndSetChildDomain (21ms)
		EndReloadAssembly (380ms)
			LoadAssemblies (49ms)
			RebuildTransferFunctionScriptingTraits (0ms)
			SetupTypeCache (113ms)
			ReleaseScriptCaches (1ms)
			RebuildScriptCaches (27ms)
			SetupLoadedEditorAssemblies (171ms)
				LogAssemblyErrors (0ms)
				InitializePlatformSupportModulesInManaged (3ms)
				SetLoadedEditorAssemblies (0ms)
				RefreshPlugins (1ms)
				BeforeProcessingInitializeOnLoad (35ms)
				ProcessInitializeOnLoadAttributes (117ms)
				ProcessInitializeOnLoadMethodAttributes (11ms)
				AfterProcessingInitializeOnLoad (4ms)
				EditorAssembliesLoaded (0ms)
			ExecutionOrderSort2 (0ms)
			AwakeInstancesAfterBackupRestoration (4ms)
Platform modules already initialized, skipping
Refreshing native plugins compatible for Editor in 3.10 ms, found 5 plugins.
Preloading 0 native plugins for Editor in 0.00 ms.
Unloading 1724 Unused Serialized files (Serialized files now loaded: 0)
Unloading 19 unused Assets / (31.7 KB). Loaded Objects now: 2236.
Memory consumption went from 84.6 MB to 84.6 MB.
Total: 2.422400 ms (FindLiveObjects: 0.123700 ms CreateObjectMapping: 0.034600 ms MarkObjects: 2.248200 ms  DeleteObjects: 0.015100 ms)

AssetImportParameters requested are different than current active one (requested -> active):
  custom:video-decoder-ogg-theora: a1e56fd34408186e4bbccfd4996cb3dc -> 
  custom:container-muxer-webm: aa71ff27fc2769a1b78a27578f13a17b -> 
  custom:container-demuxer-webm: 4f35f7cbe854078d1ac9338744f61a02 -> 
  custom:video-encoder-webm-vp8: eb34c28f22e8b96e1ab97ce403110664 -> 
  custom:video-codec-MediaFoundation-h265: 746d11721c4dcdbdad8f713fa42b33f4 -> 
  custom:audio-encoder-webm-vorbis: bf7c407c2cedff20999df2af8eb42d56 -> 
  custom:framework-win-MediaFoundation: 216162199b28c13a410421893ffa2e32 -> 
  custom:container-demuxer-ogg: 62fdf1f143b41e24485cea50d1cbac27 -> 
  custom:video-decoder-webm-vp8: 9c59270c3fd7afecdb556c50c9e8de78 -> 
  custom:audio-decoder-ogg-vorbis: bf7c407c2cedff20999df2af8eb42d56 -> 
========================================================================
Received Prepare
Registering precompiled user dll's ...
Registered in 0.003468 seconds.
Begin MonoManager ReloadAssembly
Native extension for WindowsStandalone target not found
Refreshing native plugins compatible for Editor in 0.62 ms, found 5 plugins.
Preloading 0 native plugins for Editor in 0.00 ms.
Mono: successfully reloaded assembly
- Completed reload, in  0.552 seconds
Domain Reload Profiling:
	ReloadAssembly (552ms)
		BeginReloadAssembly (84ms)
			ExecutionOrderSort (0ms)
			DisableScriptedObjects (3ms)
			BackupInstance (0ms)
			ReleaseScriptingObjects (0ms)
			CreateAndSetChildDomain (18ms)
		EndReloadAssembly (385ms)
			LoadAssemblies (52ms)
			RebuildTransferFunctionScriptingTraits (0ms)
			SetupTypeCache (109ms)
			ReleaseScriptCaches (1ms)
			RebuildScriptCaches (28ms)
			SetupLoadedEditorAssemblies (174ms)
				LogAssemblyErrors (0ms)
				InitializePlatformSupportModulesInManaged (3ms)
				SetLoadedEditorAssemblies (0ms)
				RefreshPlugins (1ms)
				BeforeProcessingInitializeOnLoad (32ms)
				ProcessInitializeOnLoadAttributes (122ms)
				ProcessInitializeOnLoadMethodAttributes (12ms)
				AfterProcessingInitializeOnLoad (4ms)
				EditorAssembliesLoaded (0ms)
			ExecutionOrderSort2 (0ms)
			AwakeInstancesAfterBackupRestoration (4ms)
Platform modules already initialized, skipping
Refreshing native plugins compatible for Editor in 4.20 ms, found 5 plugins.
Preloading 0 native plugins for Editor in 0.00 ms.
Unloading 1724 Unused Serialized files (Serialized files now loaded: 0)
Unloading 19 unused Assets / (31.8 KB). Loaded Objects now: 2240.
Memory consumption went from 84.6 MB to 84.6 MB.
Total: 3.582400 ms (FindLiveObjects: 0.163100 ms CreateObjectMapping: 0.097000 ms MarkObjects: 3.292400 ms  DeleteObjects: 0.028400 ms)

AssetImportParameters requested are different than current active one (requested -> active):
  custom:video-decoder-ogg-theora: a1e56fd34408186e4bbccfd4996cb3dc -> 
  custom:container-muxer-webm: aa71ff27fc2769a1b78a27578f13a17b -> 
  custom:container-demuxer-webm: 4f35f7cbe854078d1ac9338744f61a02 -> 
  custom:video-encoder-webm-vp8: eb34c28f22e8b96e1ab97ce403110664 -> 
  custom:video-codec-MediaFoundation-h265: 746d11721c4dcdbdad8f713fa42b33f4 -> 
  custom:audio-encoder-webm-vorbis: bf7c407c2cedff20999df2af8eb42d56 -> 
  custom:framework-win-MediaFoundation: 216162199b28c13a410421893ffa2e32 -> 
  custom:container-demuxer-ogg: 62fdf1f143b41e24485cea50d1cbac27 -> 
  custom:video-decoder-webm-vp8: 9c59270c3fd7afecdb556c50c9e8de78 -> 
  custom:audio-decoder-ogg-vorbis: bf7c407c2cedff20999df2af8eb42d56 -> 
========================================================================
Received Import Request.
  Time since last request: 897.931915 seconds.
  path: Assets/Scripts
  artifactKey: Guid(48dea65609cc66b4b9e77764b5bc5666) Importer(815301076,1909f56bfc062723c751e8b465ee728b)
Start importing Assets/Scripts using Guid(48dea65609cc66b4b9e77764b5bc5666) Importer(815301076,1909f56bfc062723c751e8b465ee728b)  -> (artifact id: '001de7c28479ff1e2db60bd32efafdf1') in 0.010823 seconds 
========================================================================
Received Import Request.
  Time since last request: 2.152145 seconds.
  path: Assets/Scripts/CollisionCheck.cs
  artifactKey: Guid(11736ae9c35370741b019ae827b44391) Importer(815301076,1909f56bfc062723c751e8b465ee728b)
Start importing Assets/Scripts/CollisionCheck.cs using Guid(11736ae9c35370741b019ae827b44391) Importer(815301076,1909f56bfc062723c751e8b465ee728b)  -> (artifact id: '2cc4bc5b317dc121f4ef646ec4e69f20') in 0.017074 seconds 
========================================================================
Received Import Request.
  Time since last request: 2.292699 seconds.
  path: Assets/Scripts/GameManager.cs
  artifactKey: Guid(f358a574bece90c488784946eea87e74) Importer(815301076,1909f56bfc062723c751e8b465ee728b)
Start importing Assets/Scripts/GameManager.cs using Guid(f358a574bece90c488784946eea87e74) Importer(815301076,1909f56bfc062723c751e8b465ee728b)  -> (artifact id: 'a9dae681f17a1925b07b6b539f06785a') in 0.008273 seconds 
========================================================================
Received Import Request.
  Time since last request: 23.598709 seconds.
  path: Assets/Scripts/Cooking
  artifactKey: Guid(e40037b070f8eae45a03c8a5d9b30a42) Importer(815301076,1909f56bfc062723c751e8b465ee728b)
Start importing Assets/Scripts/Cooking using Guid(e40037b070f8eae45a03c8a5d9b30a42) Importer(815301076,1909f56bfc062723c751e8b465ee728b)  -> (artifact id: '68124d54365a95081ff46dccb1339c9e') in 0.009098 seconds 
========================================================================
Received Import Request.
  Time since last request: 3.101477 seconds.
  path: Assets/Scripts/Cooking/recipe.cs
  artifactKey: Guid(a642b9a7f98c73b41becb2df5c3d056f) Importer(815301076,1909f56bfc062723c751e8b465ee728b)
Start importing Assets/Scripts/Cooking/recipe.cs using Guid(a642b9a7f98c73b41becb2df5c3d056f) Importer(815301076,1909f56bfc062723c751e8b465ee728b)  -> (artifact id: 'ee9e2bfc84422072d5d406faae60d64c') in 0.007382 seconds 
========================================================================
Received Import Request.
  Time since last request: 39.352154 seconds.
  path: Assets/Scripts/Cooking/Smoke.cs
  artifactKey: Guid(e507ce6a43b29f6499057d4724652c7e) Importer(815301076,1909f56bfc062723c751e8b465ee728b)
Start importing Assets/Scripts/Cooking/Smoke.cs using Guid(e507ce6a43b29f6499057d4724652c7e) Importer(815301076,1909f56bfc062723c751e8b465ee728b)  -> (artifact id: '3a0c534e2e81a4ab7d053f9124e17a0d') in 0.010283 seconds 
========================================================================
Received Import Request.
  Time since last request: 4.882535 seconds.
  path: Assets/Scripts/Cooking/Source.cs
  artifactKey: Guid(d95c1c6719eb33b44be13fe1103cff98) Importer(815301076,1909f56bfc062723c751e8b465ee728b)
Start importing Assets/Scripts/Cooking/Source.cs using Guid(d95c1c6719eb33b44be13fe1103cff98) Importer(815301076,1909f56bfc062723c751e8b465ee728b)  -> (artifact id: '2c6f0f51bfd3e9d2a9db40ceef45f723') in 0.007105 seconds 
========================================================================
Received Import Request.
  Time since last request: 100.903428 seconds.
  path: Assets/Scripts/NPC/MoveCustomer.cs
  artifactKey: Guid(28d609383ff8d0a4680901df4f8e2dfe) Importer(815301076,1909f56bfc062723c751e8b465ee728b)
Start importing Assets/Scripts/NPC/MoveCustomer.cs using Guid(28d609383ff8d0a4680901df4f8e2dfe) Importer(815301076,1909f56bfc062723c751e8b465ee728b)  -> (artifact id: '6829f10421905f3a781083a605c63464') in 0.009511 seconds 
========================================================================
Received Import Request.
  Time since last request: 3.340565 seconds.
  path: Assets/Scripts/NPC/NPCInfo.cs
  artifactKey: Guid(f2043b2c0df65da4f985678f36d034ca) Importer(815301076,1909f56bfc062723c751e8b465ee728b)
Start importing Assets/Scripts/NPC/NPCInfo.cs using Guid(f2043b2c0df65da4f985678f36d034ca) Importer(815301076,1909f56bfc062723c751e8b465ee728b)  -> (artifact id: 'ac747cf538e148c44e7484834f3b8b9d') in 0.007849 seconds 
========================================================================
Received Import Request.
  Time since last request: 5.222281 seconds.
  path: Assets/Scripts/NPC/Order.cs
  artifactKey: Guid(56faec1ba07010f4ab5e65cb5d063ae6) Importer(815301076,1909f56bfc062723c751e8b465ee728b)
Start importing Assets/Scripts/NPC/Order.cs using Guid(56faec1ba07010f4ab5e65cb5d063ae6) Importer(815301076,1909f56bfc062723c751e8b465ee728b)  -> (artifact id: 'caf47677f632c2d842a9a2ff8ee57eb5') in 0.007179 seconds 
========================================================================
Received Import Request.
  Time since last request: 3.695360 seconds.
  path: Assets/Scripts/NPC/MoveNPC.cs
  artifactKey: Guid(8e6c60937a48a64409d790e165288b46) Importer(815301076,1909f56bfc062723c751e8b465ee728b)
Start importing Assets/Scripts/NPC/MoveNPC.cs using Guid(8e6c60937a48a64409d790e165288b46) Importer(815301076,1909f56bfc062723c751e8b465ee728b)  -> (artifact id: '490ff433f8c0af72805588b814008170') in 0.006526 seconds 
========================================================================
Received Import Request.
  Time since last request: 6.597951 seconds.
  path: Assets/Scripts/NPC/CreateCustomer.cs
  artifactKey: Guid(b072b35dffc755849927f4f9e0277684) Importer(815301076,1909f56bfc062723c751e8b465ee728b)
Start importing Assets/Scripts/NPC/CreateCustomer.cs using Guid(b072b35dffc755849927f4f9e0277684) Importer(815301076,1909f56bfc062723c751e8b465ee728b)  -> (artifact id: '6f2f2b512516b20b52bcae27f452bea9') in 0.008623 seconds 
========================================================================
Received Import Request.
  Time since last request: 12.182065 seconds.
  path: Assets/Scripts/NPC/CustomerManager.cs
  artifactKey: Guid(131cc91043741fd4d9a79e9d04e83fdc) Importer(815301076,1909f56bfc062723c751e8b465ee728b)
Start importing Assets/Scripts/NPC/CustomerManager.cs using Guid(131cc91043741fd4d9a79e9d04e83fdc) Importer(815301076,1909f56bfc062723c751e8b465ee728b)  -> (artifact id: '841885344577dba5fcf8634234f8f550') in 0.011143 seconds 
========================================================================
Received Import Request.
  Time since last request: 67.979009 seconds.
  path: Assets/SteamVR/SteamVR.asmdef
  artifactKey: Guid(1fbf338ef6b952a448262a7ff7df5fe4) Importer(815301076,1909f56bfc062723c751e8b465ee728b)
Start importing Assets/SteamVR/SteamVR.asmdef using Guid(1fbf338ef6b952a448262a7ff7df5fe4) Importer(815301076,1909f56bfc062723c751e8b465ee728b)  -> (artifact id: 'dd02b0593efdb8a911760b2faac2ae92') in 0.014949 seconds 
========================================================================
Received Import Request.
  Time since last request: 10.255729 seconds.
  path: Assets/SteamVR/Scripts
  artifactKey: Guid(d88af1b1098a33a42bc43c910c864102) Importer(815301076,1909f56bfc062723c751e8b465ee728b)
Start importing Assets/SteamVR/Scripts using Guid(d88af1b1098a33a42bc43c910c864102) Importer(815301076,1909f56bfc062723c751e8b465ee728b)  -> (artifact id: '11126ec028e870d473097f6592dc3a76') in 0.001991 seconds 
========================================================================
Received Import Request.
  Time since last request: 8.563244 seconds.
  path: Assets/StreamingAssets/SteamVR
  artifactKey: Guid(5de23d0085c22d2418f1fbe4804da804) Importer(815301076,1909f56bfc062723c751e8b465ee728b)
Start importing Assets/StreamingAssets/SteamVR using Guid(5de23d0085c22d2418f1fbe4804da804) Importer(815301076,1909f56bfc062723c751e8b465ee728b)  -> (artifact id: '1a8108aad4551fbb9225998c748b3b64') in 0.002179 seconds 
========================================================================
Received Import Request.
  Time since last request: 1.473688 seconds.
  path: Assets/SteamVR_Input/SteamVR_Actions.asmdef
  artifactKey: Guid(8773e375e63e51948bdd9303957c47f2) Importer(815301076,1909f56bfc062723c751e8b465ee728b)
Start importing Assets/SteamVR_Input/SteamVR_Actions.asmdef using Guid(8773e375e63e51948bdd9303957c47f2) Importer(815301076,1909f56bfc062723c751e8b465ee728b)  -> (artifact id: '55c69e5998e4c9cdac4972d1be14f8d5') in 0.007143 seconds 
========================================================================
Received Import Request.
  Time since last request: 5.809610 seconds.
  path: Assets/VRGrap.cs
  artifactKey: Guid(dc623c82c21ae9f45af47bccaccfd2e3) Importer(815301076,1909f56bfc062723c751e8b465ee728b)
Start importing Assets/VRGrap.cs using Guid(dc623c82c21ae9f45af47bccaccfd2e3) Importer(815301076,1909f56bfc062723c751e8b465ee728b)  -> (artifact id: 'f7886c5e9241e28e86534d8fcdca919d') in 0.007712 seconds 
========================================================================
Received Import Request.
  Time since last request: 169.942770 seconds.
  path: Assets/Scripts/Cooking/DishesInside.cs
  artifactKey: Guid(2107d2ac253c8824fadbdabc3d8a3f7b) Importer(815301076,1909f56bfc062723c751e8b465ee728b)
Start importing Assets/Scripts/Cooking/DishesInside.cs using Guid(2107d2ac253c8824fadbdabc3d8a3f7b) Importer(815301076,1909f56bfc062723c751e8b465ee728b)  -> (artifact id: '412f371b1b020612d5fcd198df7c13fc') in 0.010075 seconds 
========================================================================
Received Import Request.
  Time since last request: 0.579675 seconds.
  path: Assets/Scripts/Cooking/DishEmpty.cs
  artifactKey: Guid(5434c7793ca9105479c96eec778adb86) Importer(815301076,1909f56bfc062723c751e8b465ee728b)
Start importing Assets/Scripts/Cooking/DishEmpty.cs using Guid(5434c7793ca9105479c96eec778adb86) Importer(815301076,1909f56bfc062723c751e8b465ee728b)  -> (artifact id: 'd2590faf89e5017dd7e9e47a69118d02') in 0.009156 seconds 
========================================================================
Received Import Request.
  Time since last request: 3.788952 seconds.
  path: Assets/Scripts/Cooking/DumplingIn.cs
  artifactKey: Guid(8139c3dc8ebe80540b8d9b2d726d7c13) Importer(815301076,1909f56bfc062723c751e8b465ee728b)
Start importing Assets/Scripts/Cooking/DumplingIn.cs using Guid(8139c3dc8ebe80540b8d9b2d726d7c13) Importer(815301076,1909f56bfc062723c751e8b465ee728b)  -> (artifact id: '783415360e0f7c41c641cea8f0b18f1a') in 0.007997 seconds 
========================================================================
Received Import Request.
  Time since last request: 0.325406 seconds.
  path: Assets/Scripts/Cooking/MandueTime.cs
  artifactKey: Guid(350ad3db341927c4a8967c4ce2e43370) Importer(815301076,1909f56bfc062723c751e8b465ee728b)
Start importing Assets/Scripts/Cooking/MandueTime.cs using Guid(350ad3db341927c4a8967c4ce2e43370) Importer(815301076,1909f56bfc062723c751e8b465ee728b)  -> (artifact id: '616d7cc452aa3ab1015b4853d50b276a') in 0.008293 seconds 
========================================================================
Received Import Request.
  Time since last request: 0.582003 seconds.
  path: Assets/Scripts/Cooking/mandueCreate.cs
  artifactKey: Guid(3581582e337c7e54b903eb668934e1fa) Importer(815301076,1909f56bfc062723c751e8b465ee728b)
Start importing Assets/Scripts/Cooking/mandueCreate.cs using Guid(3581582e337c7e54b903eb668934e1fa) Importer(815301076,1909f56bfc062723c751e8b465ee728b)  -> (artifact id: '288f1d0b90a4e72430c86ececbf83c27') in 0.008281 seconds 
========================================================================
Received Import Request.
  Time since last request: 4.156820 seconds.
  path: Assets/Scripts/Cooking/Steamer.cs
  artifactKey: Guid(076907b1db39a524b81982e3b1f9c739) Importer(815301076,1909f56bfc062723c751e8b465ee728b)
Start importing Assets/Scripts/Cooking/Steamer.cs using Guid(076907b1db39a524b81982e3b1f9c739) Importer(815301076,1909f56bfc062723c751e8b465ee728b)  -> (artifact id: 'dea490a1d0df37645909f64e3ca044b3') in 0.005626 seconds 
